<?xml version="1.0" encoding="UTF-8"?>
<Site BuildName="(empty)"
	BuildStamp="20240201-1450-Experimental"
	Name="(empty)"
	Generator="ctest-3.28.2"
	CompilerName=""
	CompilerVersion=""
	OSName="Linux"
	Hostname="serg-vm"
	OSRelease="6.6.14-1-lts"
	OSVersion="#1 SMP PREEMPT_DYNAMIC Fri, 26 Jan 2024 11:54:58 +0000"
	OSPlatform="x86_64"
	Is64Bits="1"
	VendorString="GenuineIntel"
	VendorID="Intel Corporation"
	FamilyID="6"
	ModelID="45"
	ProcessorCacheSize="20480"
	NumberOfLogicalCPU="6"
	NumberOfPhysicalCPU="6"
	TotalVirtualMemory="0"
	TotalPhysicalMemory="5876"
	LogicalProcessorsPerPhysical="1"
	ProcessorClockFrequency="2600"
	>
	<Testing>
		<StartDateTime>Feb 01 16:50 EET</StartDateTime>
		<StartTestTime>1706799054</StartTestTime>
		<TestList/>
		<EndDateTime>Feb 01 16:50 EET</EndDateTime>
		<EndTestTime>1706799054</EndTestTime>
		<ElapsedMinutes>0</ElapsedMinutes>
	</Testing>
</Site>
